app/build/intermediates/manifest_merge_blame_file/debug/manifest-merger-blame-debug-report.txt
1<?xml version="1.0" encoding="utf-8"?>
2<manifest xmlns:android="http://schemas.android.com/apk/res/android"
3    package="com.rafhabs.interactagenda"
4    android:versionCode="1"
5    android:versionName="1.0" >
6
7    <uses-sdk
8        android:minSdkVersion="16"
8-->src/main/AndroidManifest.xml
9        android:targetSdkVersion="30" />
9-->src/main/AndroidManifest.xml
10
11    <uses-permission android:name="android.permission.READ_CALENDAR" />
11-->src/main/AndroidManifest.xml:22:5-72
11-->src/main/AndroidManifest.xml:22:22-69
12    <uses-permission android:name="android.permission.WRITE_CALENDAR" />
12-->src/main/AndroidManifest.xml:23:5-73
12-->src/main/AndroidManifest.xml:23:22-70
13
14    <application
14-->src/main/AndroidManifest.xml:5:5-19:19
15        android:allowBackup="true"
15-->src/main/AndroidManifest.xml:6:9-35
16        android:appComponentFactory="androidx.core.app.CoreComponentFactory"
16-->[androidx.core:core:1.3.2] AndroidManifest.xml:24:18-86
17        android:debuggable="true"
18        android:icon="@mipmap/ic_launcher"
18-->src/main/AndroidManifest.xml:7:9-43
19        android:label="@string/app_name"
19-->src/main/AndroidManifest.xml:8:9-41
20        android:roundIcon="@mipmap/ic_launcher_round"
20-->src/main/AndroidManifest.xml:9:9-54
21        android:supportsRtl="true"
21-->src/main/AndroidManifest.xml:10:9-35
22        android:testOnly="true"
23        android:theme="@style/Theme.InteractAgenda" >
23-->src/main/AndroidManifest.xml:11:9-52
24        <activity android:name="com.rafhabs.interactagenda.MainActivity" >
24-->src/main/AndroidManifest.xml:12:9-18:20
24-->src/main/AndroidManifest.xml:12:19-47
25            <intent-filter>
25-->src/main/AndroidManifest.xml:13:13-17:29
26                <action android:name="android.intent.action.MAIN" />
26-->src/main/AndroidManifest.xml:14:17-69
26-->src/main/AndroidManifest.xml:14:25-66
27
28                <category android:name="android.intent.category.LAUNCHER" />
28-->src/main/AndroidManifest.xml:16:17-77
28-->src/main/AndroidManifest.xml:16:27-74
29            </intent-filter>
30        </activity>
31    </application>
32
33</manifest>